Base path: 'C:/Program Files/Unity/Hub/Editor/2019.3.3f1/Editor/Data', plugins path 'C:/Program Files/Unity/Hub/Editor/2019.3.3f1/Editor/Data/PlaybackEngines'
Cmd: initializeCompiler
Cmd: compileComputeKernel
  api=4 insize=12081 outsize=1499 ok=1
Cmd: compileComputeKernel
  api=4 insize=12081 outsize=1198 ok=1
Cmd: compileComputeKernel
  api=4 insize=12081 outsize=1848 ok=1
Cmd: compileComputeKernel
  api=4 insize=12081 outsize=1840 ok=1
Cmd: compileComputeKernel
  api=4 insize=12081 outsize=1579 ok=1
Cmd: compileComputeKernel
  api=4 insize=12081 outsize=2479 ok=1
Cmd: compileComputeKernel
  api=4 insize=12081 outsize=1580 ok=1
Cmd: compileComputeKernel
  api=4 insize=12124 outsize=1819 ok=1
Cmd: compileComputeKernel
  api=4 insize=12124 outsize=1819 ok=1
Cmd: compileComputeKernel
  api=4 insize=12124 outsize=2259 ok=1
Cmd: compileComputeKernel
  api=4 insize=12124 outsize=1819 ok=1
Cmd: compileComputeKernel
  api=4 insize=12124 outsize=1851 ok=1
Cmd: compileComputeKernel
  api=4 insize=12124 outsize=1848 ok=1
Cmd: compileComputeKernel
  api=4 insize=12124 outsize=1849 ok=1
Cmd: compileComputeKernel
  api=4 insize=12124 outsize=1998 ok=1
Cmd: compileComputeKernel
  api=4 insize=19771 outsize=2113 ok=1
Cmd: compileComputeKernel
  api=4 insize=19771 outsize=2963 ok=1
Cmd: compileComputeKernel
  api=4 insize=19771 outsize=3039 ok=1
Cmd: compileComputeKernel
  api=4 insize=19771 outsize=5385 ok=1
Cmd: compileComputeKernel
  api=4 insize=59196 outsize=1686 ok=1
Cmd: compileComputeKernel
  api=4 insize=59196 outsize=11643 ok=1
Cmd: compileComputeKernel
  api=4 insize=59196 outsize=2029 ok=1
Cmd: compileComputeKernel
  api=4 insize=59196 outsize=1495 ok=1
Cmd: compileComputeKernel
  api=4 insize=59196 outsize=1597 ok=1
Cmd: compileComputeKernel
  api=4 insize=59196 outsize=1610 ok=1
Cmd: compileComputeKernel
  api=4 insize=59196 outsize=1324 ok=1
Cmd: compileComputeKernel
  api=4 insize=59196 outsize=1310 ok=1
Cmd: compileComputeKernel
  api=4 insize=59196 outsize=1631 ok=1
Cmd: compileComputeKernel
  api=4 insize=59196 outsize=1520 ok=1
Cmd: compileComputeKernel
  api=4 insize=59196 outsize=1321 ok=1
Cmd: compileComputeKernel
  api=4 insize=59196 outsize=1359 ok=1
Cmd: compileComputeKernel
  api=4 insize=59196 outsize=1547 ok=1
Cmd: compileComputeKernel
  api=4 insize=59196 outsize=1311 ok=1
Cmd: compileComputeKernel
  api=4 insize=59196 outsize=1777 ok=1
Cmd: compileComputeKernel
  api=4 insize=59196 outsize=1364 ok=1
Cmd: compileComputeKernel
  api=4 insize=59196 outsize=1823 ok=1
Cmd: compileComputeKernel
  api=4 insize=59196 outsize=1819 ok=1
Cmd: compileComputeKernel
  api=4 insize=59196 outsize=1819 ok=1
Cmd: compileComputeKernel
  api=4 insize=59196 outsize=1819 ok=1
Cmd: compileComputeKernel
  api=4 insize=59196 outsize=1851 ok=1
Cmd: compileComputeKernel
  api=4 insize=59196 outsize=1848 ok=1
Cmd: compileComputeKernel
  api=4 insize=59196 outsize=1849 ok=1
Cmd: compileComputeKernel
  api=4 insize=59196 outsize=1998 ok=1
Cmd: compileComputeKernel
  api=4 insize=59196 outsize=1341 ok=1
Cmd: compileComputeKernel
  api=4 insize=59196 outsize=1341 ok=1
Cmd: compileComputeKernel
  api=4 insize=59196 outsize=1342 ok=1
Cmd: compileComputeKernel
  api=4 insize=59196 outsize=3004 ok=1
Cmd: compileComputeKernel
  api=4 insize=59196 outsize=1590 ok=1
Cmd: compileComputeKernel
  api=4 insize=59196 outsize=1449 ok=1
Cmd: compileComputeKernel
  api=4 insize=59196 outsize=1750 ok=1
Cmd: compileComputeKernel
  api=4 insize=73605 outsize=2761 ok=1
Cmd: compileComputeKernel
  api=4 insize=73605 outsize=7773 ok=1
Cmd: compileComputeKernel
  api=4 insize=73605 outsize=5746 ok=1
Cmd: compileComputeKernel
  api=4 insize=73605 outsize=6472 ok=1
Cmd: compileComputeKernel
  api=4 insize=33531 outsize=629 ok=1
Cmd: compileComputeKernel
  api=4 insize=33531 outsize=638 ok=1
Cmd: compileComputeKernel
  api=4 insize=33531 outsize=806 ok=1
Cmd: compileComputeKernel
  api=4 insize=33531 outsize=937 ok=1
Cmd: compileComputeKernel
  api=4 insize=33531 outsize=791 ok=1
Cmd: compileComputeKernel
  api=4 insize=33531 outsize=868 ok=1
Cmd: compileComputeKernel
  api=4 insize=33531 outsize=950 ok=1
Cmd: compileComputeKernel
  api=4 insize=33531 outsize=701 ok=1
Cmd: compileComputeKernel
  api=4 insize=33531 outsize=677 ok=1
Cmd: compileComputeKernel
  api=4 insize=33531 outsize=759 ok=1
Cmd: compileComputeKernel
  api=4 insize=33531 outsize=700 ok=1
Cmd: compileComputeKernel
  api=4 insize=33531 outsize=1292 ok=1
Cmd: compileComputeKernel
  api=4 insize=33531 outsize=1298 ok=1
Cmd: compileComputeKernel
  api=4 insize=33531 outsize=1861 ok=1
Cmd: compileComputeKernel
  api=4 insize=33531 outsize=1484 ok=1
Cmd: compileComputeKernel
  api=4 insize=33531 outsize=1457 ok=1
Cmd: compileComputeKernel
  api=4 insize=33531 outsize=1346 ok=1
Cmd: compileComputeKernel
  api=4 insize=33531 outsize=1360 ok=1
Cmd: compileComputeKernel
  api=4 insize=33531 outsize=1465 ok=1
Cmd: compileComputeKernel
  api=4 insize=33531 outsize=1296 ok=1
Cmd: compileComputeKernel
  api=4 insize=33531 outsize=1248 ok=1
Cmd: compileComputeKernel
  api=4 insize=33531 outsize=1288 ok=1
Cmd: compileComputeKernel
  api=4 insize=33531 outsize=1284 ok=1
Cmd: compileComputeKernel
  api=4 insize=33531 outsize=1369 ok=1
Cmd: compileComputeKernel
  api=4 insize=33531 outsize=1618 ok=1
Cmd: compileComputeKernel
  api=4 insize=33531 outsize=1364 ok=1
Cmd: compileComputeKernel
  api=4 insize=75191 outsize=2787 ok=1
Cmd: compileComputeKernel
  api=4 insize=75191 outsize=12292 ok=1
Cmd: compileComputeKernel
  api=4 insize=75191 outsize=21169 ok=1
Cmd: compileComputeKernel
  api=4 insize=75191 outsize=31673 ok=1
Cmd: compileComputeKernel
  api=4 insize=75191 outsize=32386 ok=1
Cmd: compileComputeKernel
  api=4 insize=4434 outsize=1449 ok=1
Cmd: compileComputeKernel
  api=4 insize=4434 outsize=1750 ok=1
Cmd: compileSnippet
  api=4 type=0 insize=2364 outsize=1762 kw=_MAIN_LIGHT_SHADOWS _MAIN_LIGHT_SHADOWS_CASCADE _SHADOWS_SOFT pd=UNITY_ENABLE_REFLECTION_BUFFERS UNITY_USE_DITHER_MASK_FOR_ALPHABLENDED_SHADOWS UNITY_PBS_USE_BRDF1 UNITY_SPECCUBE_BOX_PROJECTION UNITY_SPECCUBE_BLENDING UNITY_ENABLE_DETAIL_NORMALMAP SHADER_API_DESKTOP UNITY_LIGHT_PROBE_PROXY_VOLUME UNITY_LIGHTMAP_RGBM_ENCODING ok=1
Cmd: compileSnippet
  api=4 type=1 insize=2364 outsize=5798 kw=_MAIN_LIGHT_SHADOWS _MAIN_LIGHT_SHADOWS_CASCADE _SHADOWS_SOFT pd=UNITY_ENABLE_REFLECTION_BUFFERS UNITY_USE_DITHER_MASK_FOR_ALPHABLENDED_SHADOWS UNITY_PBS_USE_BRDF1 UNITY_SPECCUBE_BOX_PROJECTION UNITY_SPECCUBE_BLENDING UNITY_ENABLE_DETAIL_NORMALMAP SHADER_API_DESKTOP UNITY_LIGHT_PROBE_PROXY_VOLUME UNITY_LIGHTMAP_RGBM_ENCODING ok=1
Cmd: compileSnippet
  api=4 type=1 insize=2295 outsize=446 kw= pd=UNITY_ENABLE_REFLECTION_BUFFERS UNITY_USE_DITHER_MASK_FOR_ALPHABLENDED_SHADOWS UNITY_PBS_USE_BRDF1 UNITY_SPECCUBE_BOX_PROJECTION UNITY_SPECCUBE_BLENDING UNITY_ENABLE_DETAIL_NORMALMAP SHADER_API_DESKTOP UNITY_LIGHT_PROBE_PROXY_VOLUME UNITY_LIGHTMAP_RGBM_ENCODING ok=1
