Base path: 'C:/Program Files/Unity/Hub/Editor/2019.3.3f1/Editor/Data', plugins path 'C:/Program Files/Unity/Hub/Editor/2019.3.3f1/Editor/Data/PlaybackEngines'
Cmd: initializeCompiler
Cmd: compileComputeKernel
  api=4 insize=12081 outsize=1558 ok=1
Cmd: compileComputeKernel
  api=4 insize=12081 outsize=1931 ok=1
Cmd: compileComputeKernel
  api=4 insize=12081 outsize=1579 ok=1
Cmd: compileComputeKernel
  api=4 insize=12081 outsize=2218 ok=1
Cmd: compileComputeKernel
  api=4 insize=12124 outsize=1823 ok=1
Cmd: compileComputeKernel
  api=4 insize=12124 outsize=1819 ok=1
Cmd: compileComputeKernel
  api=4 insize=12124 outsize=1819 ok=1
Cmd: compileComputeKernel
  api=4 insize=12124 outsize=1819 ok=1
Cmd: compileComputeKernel
  api=4 insize=12124 outsize=1851 ok=1
Cmd: compileComputeKernel
  api=4 insize=12124 outsize=1848 ok=1
Cmd: compileComputeKernel
  api=4 insize=12124 outsize=1849 ok=1
Cmd: compileComputeKernel
  api=4 insize=12124 outsize=1998 ok=1
Cmd: compileComputeKernel
  api=4 insize=19771 outsize=2045 ok=1
Cmd: compileComputeKernel
  api=4 insize=19771 outsize=3171 ok=1
Cmd: compileComputeKernel
  api=4 insize=19771 outsize=3156 ok=1
Cmd: compileComputeKernel
  api=4 insize=19771 outsize=5525 ok=1
Cmd: compileComputeKernel
  api=4 insize=59196 outsize=2850 ok=1
Cmd: compileComputeKernel
  api=4 insize=59196 outsize=2640 ok=1
Cmd: compileComputeKernel
  api=4 insize=59196 outsize=2944 ok=1
Cmd: compileComputeKernel
  api=4 insize=59196 outsize=1579 ok=1
Cmd: compileComputeKernel
  api=4 insize=59196 outsize=2631 ok=1
Cmd: compileComputeKernel
  api=4 insize=59196 outsize=1689 ok=1
Cmd: compileComputeKernel
  api=4 insize=59196 outsize=2077 ok=1
Cmd: compileComputeKernel
  api=4 insize=59196 outsize=1335 ok=1
Cmd: compileComputeKernel
  api=4 insize=59196 outsize=1647 ok=1
Cmd: compileComputeKernel
  api=4 insize=59196 outsize=1610 ok=1
Cmd: compileComputeKernel
  api=4 insize=59196 outsize=1324 ok=1
Cmd: compileComputeKernel
  api=4 insize=59196 outsize=1310 ok=1
Cmd: compileComputeKernel
  api=4 insize=59196 outsize=1631 ok=1
Cmd: compileComputeKernel
  api=4 insize=59196 outsize=1520 ok=1
Cmd: compileComputeKernel
  api=4 insize=59196 outsize=1321 ok=1
Cmd: compileComputeKernel
  api=4 insize=59196 outsize=1465 ok=1
Cmd: compileComputeKernel
  api=4 insize=59196 outsize=1861 ok=1
Cmd: compileComputeKernel
  api=4 insize=59196 outsize=1311 ok=1
Cmd: compileComputeKernel
  api=4 insize=59196 outsize=1777 ok=1
Cmd: compileComputeKernel
  api=4 insize=59196 outsize=1364 ok=1
Cmd: compileComputeKernel
  api=4 insize=59196 outsize=1819 ok=1
Cmd: compileComputeKernel
  api=4 insize=59196 outsize=1819 ok=1
Cmd: compileComputeKernel
  api=4 insize=59196 outsize=2259 ok=1
Cmd: compileComputeKernel
  api=4 insize=59196 outsize=1974 ok=1
Cmd: compileComputeKernel
  api=4 insize=59196 outsize=1856 ok=1
Cmd: compileComputeKernel
  api=4 insize=59196 outsize=1853 ok=1
Cmd: compileComputeKernel
  api=4 insize=59196 outsize=1997 ok=1
Cmd: compileComputeKernel
  api=4 insize=59196 outsize=1998 ok=1
Cmd: compileComputeKernel
  api=4 insize=59196 outsize=1326 ok=1
Cmd: compileComputeKernel
  api=4 insize=59196 outsize=1301 ok=1
Cmd: compileComputeKernel
  api=4 insize=59196 outsize=1346 ok=1
Cmd: compileComputeKernel
  api=4 insize=59196 outsize=2178 ok=1
Cmd: compileComputeKernel
  api=4 insize=59196 outsize=3836 ok=1
Cmd: compileComputeKernel
  api=4 insize=59196 outsize=1680 ok=1
Cmd: compileComputeKernel
  api=4 insize=59196 outsize=1427 ok=1
Cmd: compileComputeKernel
  api=4 insize=59196 outsize=2477 ok=1
Cmd: compileComputeKernel
  api=4 insize=73605 outsize=12637 ok=1
Cmd: compileComputeKernel
  api=4 insize=73605 outsize=7893 ok=1
Cmd: compileComputeKernel
  api=4 insize=33531 outsize=680 ok=1
Cmd: compileComputeKernel
  api=4 insize=33531 outsize=777 ok=1
Cmd: compileComputeKernel
  api=4 insize=33531 outsize=695 ok=1
Cmd: compileComputeKernel
  api=4 insize=33531 outsize=1032 ok=1
Cmd: compileComputeKernel
  api=4 insize=33531 outsize=1005 ok=1
Cmd: compileComputeKernel
  api=4 insize=33531 outsize=773 ok=1
Cmd: compileComputeKernel
  api=4 insize=33531 outsize=855 ok=1
Cmd: compileComputeKernel
  api=4 insize=33531 outsize=805 ok=1
Cmd: compileComputeKernel
  api=4 insize=33531 outsize=796 ok=1
Cmd: compileComputeKernel
  api=4 insize=33531 outsize=674 ok=1
Cmd: compileComputeKernel
  api=4 insize=33531 outsize=854 ok=1
Cmd: compileComputeKernel
  api=4 insize=33531 outsize=777 ok=1
Cmd: compileComputeKernel
  api=4 insize=33531 outsize=1269 ok=1
Cmd: compileComputeKernel
  api=4 insize=33531 outsize=1321 ok=1
Cmd: compileComputeKernel
  api=4 insize=33531 outsize=1072 ok=1
Cmd: compileComputeKernel
  api=4 insize=33531 outsize=1547 ok=1
Cmd: compileComputeKernel
  api=4 insize=33531 outsize=1520 ok=1
Cmd: compileComputeKernel
  api=4 insize=33531 outsize=1306 ok=1
Cmd: compileComputeKernel
  api=4 insize=33531 outsize=1320 ok=1
Cmd: compileComputeKernel
  api=4 insize=33531 outsize=1402 ok=1
Cmd: compileComputeKernel
  api=4 insize=33531 outsize=1336 ok=1
Cmd: compileComputeKernel
  api=4 insize=33531 outsize=1288 ok=1
Cmd: compileComputeKernel
  api=4 insize=33531 outsize=1311 ok=1
Cmd: compileComputeKernel
  api=4 insize=33531 outsize=1284 ok=1
Cmd: compileComputeKernel
  api=4 insize=33531 outsize=1306 ok=1
Cmd: compileComputeKernel
  api=4 insize=33531 outsize=1618 ok=1
Cmd: compileComputeKernel
  api=4 insize=33531 outsize=1324 ok=1
Cmd: compileComputeKernel
  api=4 insize=75191 outsize=6812 ok=1
Cmd: compileComputeKernel
  api=4 insize=75191 outsize=26077 ok=1
Cmd: compileComputeKernel
  api=4 insize=75191 outsize=32238 ok=1
Cmd: compileComputeKernel
  api=4 insize=75191 outsize=27610 ok=1
Cmd: compileComputeKernel
  api=4 insize=4434 outsize=1590 ok=1
Cmd: compileComputeKernel
  api=4 insize=4434 outsize=1750 ok=1
Cmd: compileComputeKernel
  api=4 insize=1898 outsize=3122 ok=1
Cmd: compileSnippet
  api=4 type=0 insize=2364 outsize=1762 kw=_EMISSION _MAIN_LIGHT_SHADOWS _MAIN_LIGHT_SHADOWS_CASCADE _SHADOWS_SOFT pd=UNITY_ENABLE_REFLECTION_BUFFERS UNITY_USE_DITHER_MASK_FOR_ALPHABLENDED_SHADOWS UNITY_PBS_USE_BRDF1 UNITY_SPECCUBE_BOX_PROJECTION UNITY_SPECCUBE_BLENDING UNITY_ENABLE_DETAIL_NORMALMAP SHADER_API_DESKTOP UNITY_LIGHT_PROBE_PROXY_VOLUME UNITY_LIGHTMAP_RGBM_ENCODING ok=1
Cmd: compileSnippet
  api=4 type=0 insize=16577 outsize=5358 kw=_SUNDISK_NONE pd=UNITY_ENABLE_REFLECTION_BUFFERS UNITY_USE_DITHER_MASK_FOR_ALPHABLENDED_SHADOWS UNITY_PBS_USE_BRDF1 UNITY_SPECCUBE_BOX_PROJECTION UNITY_SPECCUBE_BLENDING UNITY_ENABLE_DETAIL_NORMALMAP SHADER_API_DESKTOP UNITY_LIGHT_PROBE_PROXY_VOLUME UNITY_LIGHTMAP_RGBM_ENCODING ok=1
Cmd: compileSnippet
  api=4 type=1 insize=16577 outsize=422 kw=_SUNDISK_NONE pd=UNITY_ENABLE_REFLECTION_BUFFERS UNITY_USE_DITHER_MASK_FOR_ALPHABLENDED_SHADOWS UNITY_PBS_USE_BRDF1 UNITY_SPECCUBE_BOX_PROJECTION UNITY_SPECCUBE_BLENDING UNITY_ENABLE_DETAIL_NORMALMAP SHADER_API_DESKTOP UNITY_LIGHT_PROBE_PROXY_VOLUME UNITY_LIGHTMAP_RGBM_ENCODING ok=1
Cmd: compileSnippet
  api=4 type=0 insize=16577 outsize=5642 kw=_SUNDISK_SIMPLE pd=UNITY_ENABLE_REFLECTION_BUFFERS UNITY_USE_DITHER_MASK_FOR_ALPHABLENDED_SHADOWS UNITY_PBS_USE_BRDF1 UNITY_SPECCUBE_BOX_PROJECTION UNITY_SPECCUBE_BLENDING UNITY_ENABLE_DETAIL_NORMALMAP SHADER_API_DESKTOP UNITY_LIGHT_PROBE_PROXY_VOLUME UNITY_LIGHTMAP_RGBM_ENCODING ok=1
