Base path: 'C:/Program Files/Unity/Hub/Editor/2019.3.3f1/Editor/Data', plugins path 'C:/Program Files/Unity/Hub/Editor/2019.3.3f1/Editor/Data/PlaybackEngines'
Cmd: initializeCompiler
Cmd: compileComputeKernel
  api=4 insize=12081 outsize=1046 ok=1
Cmd: compileComputeKernel
  api=4 insize=12081 outsize=2218 ok=1
Cmd: compileComputeKernel
  api=4 insize=12124 outsize=1819 ok=1
Cmd: compileComputeKernel
  api=4 insize=12124 outsize=1819 ok=1
Cmd: compileComputeKernel
  api=4 insize=12124 outsize=1819 ok=1
Cmd: compileComputeKernel
  api=4 insize=12124 outsize=1974 ok=1
Cmd: compileComputeKernel
  api=4 insize=12124 outsize=1856 ok=1
Cmd: compileComputeKernel
  api=4 insize=12124 outsize=1853 ok=1
Cmd: compileComputeKernel
  api=4 insize=12124 outsize=1997 ok=1
Cmd: compileComputeKernel
  api=4 insize=12124 outsize=1998 ok=1
Cmd: compileComputeKernel
  api=4 insize=19771 outsize=2037 ok=1
Cmd: compileComputeKernel
  api=4 insize=19771 outsize=2963 ok=1
Cmd: compileComputeKernel
  api=4 insize=19771 outsize=2903 ok=1
Cmd: compileComputeKernel
  api=4 insize=19771 outsize=5077 ok=1
Cmd: compileComputeKernel
  api=4 insize=59196 outsize=2922 ok=1
Cmd: compileComputeKernel
  api=4 insize=59196 outsize=2640 ok=1
Cmd: compileComputeKernel
  api=4 insize=59196 outsize=2944 ok=1
Cmd: compileComputeKernel
  api=4 insize=59196 outsize=1579 ok=1
Cmd: compileComputeKernel
  api=4 insize=59196 outsize=2479 ok=1
Cmd: compileComputeKernel
  api=4 insize=59196 outsize=1689 ok=1
Cmd: compileComputeKernel
  api=4 insize=59196 outsize=2041 ok=1
Cmd: compileComputeKernel
  api=4 insize=59196 outsize=1407 ok=1
Cmd: compileComputeKernel
  api=4 insize=59196 outsize=1667 ok=1
Cmd: compileComputeKernel
  api=4 insize=59196 outsize=3271 ok=1
Cmd: compileComputeKernel
  api=4 insize=59196 outsize=1287 ok=1
Cmd: compileComputeKernel
  api=4 insize=59196 outsize=1369 ok=1
Cmd: compileComputeKernel
  api=4 insize=59196 outsize=1682 ok=1
Cmd: compileComputeKernel
  api=4 insize=59196 outsize=1383 ok=1
Cmd: compileComputeKernel
  api=4 insize=59196 outsize=1359 ok=1
Cmd: compileComputeKernel
  api=4 insize=59196 outsize=1547 ok=1
Cmd: compileComputeKernel
  api=4 insize=59196 outsize=1311 ok=1
Cmd: compileComputeKernel
  api=4 insize=59196 outsize=1284 ok=1
Cmd: compileComputeKernel
  api=4 insize=59196 outsize=1387 ok=1
Cmd: compileComputeKernel
  api=4 insize=59196 outsize=1580 ok=1
Cmd: compileComputeKernel
  api=4 insize=59196 outsize=1823 ok=1
Cmd: compileComputeKernel
  api=4 insize=59196 outsize=1819 ok=1
Cmd: compileComputeKernel
  api=4 insize=59196 outsize=1819 ok=1
Cmd: compileComputeKernel
  api=4 insize=59196 outsize=1974 ok=1
Cmd: compileComputeKernel
  api=4 insize=59196 outsize=1856 ok=1
Cmd: compileComputeKernel
  api=4 insize=59196 outsize=1853 ok=1
Cmd: compileComputeKernel
  api=4 insize=59196 outsize=1997 ok=1
Cmd: compileComputeKernel
  api=4 insize=59196 outsize=1998 ok=1
Cmd: compileComputeKernel
  api=4 insize=59196 outsize=1301 ok=1
Cmd: compileComputeKernel
  api=4 insize=59196 outsize=1301 ok=1
Cmd: compileComputeKernel
  api=4 insize=59196 outsize=1302 ok=1
Cmd: compileComputeKernel
  api=4 insize=59196 outsize=3544 ok=1
Cmd: compileComputeKernel
  api=4 insize=59196 outsize=1590 ok=1
Cmd: compileComputeKernel
  api=4 insize=59196 outsize=1680 ok=1
Cmd: compileComputeKernel
  api=4 insize=59196 outsize=1427 ok=1
Cmd: compileComputeKernel
  api=4 insize=73605 outsize=2761 ok=1
Cmd: compileComputeKernel
  api=4 insize=73605 outsize=7773 ok=1
Cmd: compileComputeKernel
  api=4 insize=73605 outsize=5020 ok=1
Cmd: compileComputeKernel
  api=4 insize=73605 outsize=3656 ok=1
Cmd: compileComputeKernel
  api=4 insize=73605 outsize=3656 ok=1
Cmd: compileComputeKernel
  api=4 insize=73605 outsize=6472 ok=1
Cmd: compileComputeKernel
  api=4 insize=33531 outsize=772 ok=1
Cmd: compileComputeKernel
  api=4 insize=33531 outsize=682 ok=1
Cmd: compileComputeKernel
  api=4 insize=33531 outsize=711 ok=1
Cmd: compileComputeKernel
  api=4 insize=33531 outsize=1069 ok=1
Cmd: compileComputeKernel
  api=4 insize=33531 outsize=1094 ok=1
Cmd: compileComputeKernel
  api=4 insize=33531 outsize=854 ok=1
Cmd: compileComputeKernel
  api=4 insize=33531 outsize=1023 ok=1
Cmd: compileComputeKernel
  api=4 insize=33531 outsize=844 ok=1
Cmd: compileComputeKernel
  api=4 insize=33531 outsize=701 ok=1
Cmd: compileComputeKernel
  api=4 insize=33531 outsize=769 ok=1
Cmd: compileComputeKernel
  api=4 insize=33531 outsize=716 ok=1
Cmd: compileComputeKernel
  api=4 insize=33531 outsize=872 ok=1
Cmd: compileComputeKernel
  api=4 insize=33531 outsize=1229 ok=1
Cmd: compileComputeKernel
  api=4 insize=33531 outsize=1258 ok=1
Cmd: compileComputeKernel
  api=4 insize=33531 outsize=1547 ok=1
Cmd: compileComputeKernel
  api=4 insize=33531 outsize=1520 ok=1
Cmd: compileComputeKernel
  api=4 insize=33531 outsize=1369 ok=1
Cmd: compileComputeKernel
  api=4 insize=33531 outsize=1383 ok=1
Cmd: compileComputeKernel
  api=4 insize=33531 outsize=1465 ok=1
Cmd: compileComputeKernel
  api=4 insize=33531 outsize=1359 ok=1
Cmd: compileComputeKernel
  api=4 insize=33531 outsize=1311 ok=1
Cmd: compileComputeKernel
  api=4 insize=33531 outsize=1311 ok=1
Cmd: compileComputeKernel
  api=4 insize=33531 outsize=1261 ok=1
Cmd: compileComputeKernel
  api=4 insize=33531 outsize=1369 ok=1
Cmd: compileComputeKernel
  api=4 insize=33531 outsize=1631 ok=1
Cmd: compileComputeKernel
  api=4 insize=33531 outsize=1387 ok=1
Cmd: compileComputeKernel
  api=4 insize=75191 outsize=6364 ok=1
Cmd: compileComputeKernel
  api=4 insize=75191 outsize=11353 ok=1
Cmd: compileComputeKernel
  api=4 insize=75191 outsize=26462 ok=1
Cmd: compileComputeKernel
  api=4 insize=75191 outsize=23646 ok=1
Cmd: compileComputeKernel
  api=4 insize=75191 outsize=1572 ok=1
Cmd: compileComputeKernel
  api=4 insize=75191 outsize=2025 ok=1
Cmd: compileComputeKernel
  api=4 insize=75191 outsize=1961 ok=1
Cmd: compileComputeKernel
  api=4 insize=75191 outsize=12876 ok=1
Cmd: compileComputeKernel
  api=4 insize=4434 outsize=1449 ok=1
Cmd: compileComputeKernel
  api=4 insize=4434 outsize=1684 ok=1
Cmd: compileSnippet
  api=4 type=1 insize=2364 outsize=5902 kw=_EMISSION _MAIN_LIGHT_SHADOWS _MAIN_LIGHT_SHADOWS_CASCADE _SHADOWS_SOFT pd=UNITY_ENABLE_REFLECTION_BUFFERS UNITY_USE_DITHER_MASK_FOR_ALPHABLENDED_SHADOWS UNITY_PBS_USE_BRDF1 UNITY_SPECCUBE_BOX_PROJECTION UNITY_SPECCUBE_BLENDING UNITY_ENABLE_DETAIL_NORMALMAP SHADER_API_DESKTOP UNITY_LIGHT_PROBE_PROXY_VOLUME UNITY_LIGHTMAP_RGBM_ENCODING ok=1
Cmd: compileSnippet
  api=4 type=1 insize=16577 outsize=882 kw=_SUNDISK_SIMPLE pd=UNITY_ENABLE_REFLECTION_BUFFERS UNITY_USE_DITHER_MASK_FOR_ALPHABLENDED_SHADOWS UNITY_PBS_USE_BRDF1 UNITY_SPECCUBE_BOX_PROJECTION UNITY_SPECCUBE_BLENDING UNITY_ENABLE_DETAIL_NORMALMAP SHADER_API_DESKTOP UNITY_LIGHT_PROBE_PROXY_VOLUME UNITY_LIGHTMAP_RGBM_ENCODING ok=1
Cmd: compileSnippet
  api=4 type=0 insize=2295 outsize=858 kw= pd=UNITY_ENABLE_REFLECTION_BUFFERS UNITY_USE_DITHER_MASK_FOR_ALPHABLENDED_SHADOWS UNITY_PBS_USE_BRDF1 UNITY_SPECCUBE_BOX_PROJECTION UNITY_SPECCUBE_BLENDING UNITY_ENABLE_DETAIL_NORMALMAP SHADER_API_DESKTOP UNITY_LIGHT_PROBE_PROXY_VOLUME UNITY_LIGHTMAP_RGBM_ENCODING ok=1
